0 info it worked if it ends with ok
1 verbose cli [ '/usr/local/bin/node', '/usr/local/bin/npm', 'publish' ]
2 info using npm@2.14.9
3 info using node@v0.12.9
4 verbose node symlink /usr/local/bin/node
5 verbose publish [ '.' ]
6 silly cache add args [ '.', null ]
7 verbose cache add spec .
8 silly cache add parsed spec { raw: '.',
8 silly cache add   scope: null,
8 silly cache add   name: null,
8 silly cache add   rawSpec: '.',
8 silly cache add   spec: '/home/samer/src/rollup-plugin-typescript2/src',
8 silly cache add   type: 'local' }
9 error addLocal Could not install /home/samer/src/rollup-plugin-typescript2/src
10 verbose stack Error: EISDIR, read
10 verbose stack     at Error (native)
11 verbose cwd /home/samer/src/rollup-plugin-typescript2/src
12 error Linux 4.2.0-36-generic
13 error argv "/usr/local/bin/node" "/usr/local/bin/npm" "publish"
14 error node v0.12.9
15 error npm  v2.14.9
16 error code EISDIR
17 error errno -21
18 error eisdir EISDIR, read
18 error eisdir This is most likely not a problem with npm itself
18 error eisdir and is related to npm not being able to find a package.json in
18 error eisdir a package you are trying to install.
19 verbose exit [ -21, true ]
